{"D:\\Sandbox\\portfolio\\src\\components\\TabContainer\\Home.tsx": {"path":"D:\\Sandbox\\portfolio\\src\\components\\TabContainer\\Home.tsx","all":false,"statementMap":{"0":{"start":{"line":1,"column":0},"end":{"line":1,"column":20}},"1":{"start":{"line":2,"column":0},"end":{"line":2,"column":25}},"2":{"start":{"line":3,"column":0},"end":{"line":3,"column":2}},"3":{"start":{"line":4,"column":0},"end":{"line":4,"column":0}},"4":{"start":{"line":5,"column":0},"end":{"line":5,"column":20}}},"s":{"0":1,"1":1,"2":1,"3":1,"4":1},"branchMap":{"0":{"type":"branch","line":1,"loc":{"start":{"line":1,"column":13},"end":{"line":3,"column":2}},"locations":[{"start":{"line":1,"column":13},"end":{"line":3,"column":2}}]}},"b":{"0":[1]},"fnMap":{"0":{"name":"Home","decl":{"start":{"line":1,"column":13},"end":{"line":3,"column":2}},"loc":{"start":{"line":1,"column":13},"end":{"line":3,"column":2}},"line":1}},"f":{"0":1}}
,"D:\\Sandbox\\portfolio\\src\\components\\TabContainer\\Search.tsx": {"path":"D:\\Sandbox\\portfolio\\src\\components\\TabContainer\\Search.tsx","all":false,"statementMap":{"0":{"start":{"line":1,"column":0},"end":{"line":1,"column":22}},"1":{"start":{"line":2,"column":0},"end":{"line":2,"column":27}},"2":{"start":{"line":3,"column":0},"end":{"line":3,"column":2}},"3":{"start":{"line":4,"column":0},"end":{"line":4,"column":0}},"4":{"start":{"line":5,"column":0},"end":{"line":5,"column":22}}},"s":{"0":1,"1":1,"2":1,"3":1,"4":1},"branchMap":{"0":{"type":"branch","line":1,"loc":{"start":{"line":1,"column":15},"end":{"line":3,"column":2}},"locations":[{"start":{"line":1,"column":15},"end":{"line":3,"column":2}}]}},"b":{"0":[1]},"fnMap":{"0":{"name":"Search","decl":{"start":{"line":1,"column":15},"end":{"line":3,"column":2}},"loc":{"start":{"line":1,"column":15},"end":{"line":3,"column":2}},"line":1}},"f":{"0":1}}
}
